<?xml version="1.0" encoding="UTF-8"?>
<testsuite xmlns:xsi="http://www.w3.org/2001/XMLSchema-instance" xsi:noNamespaceSchemaLocation="https://maven.apache.org/surefire/maven-surefire-plugin/xsd/surefire-test-report.xsd" version="3.0.2" name="TestSuite" time="9.035" tests="4" errors="0" skipped="0" failures="0">
  <properties>
    <property name="java.specification.version" value="22"/>
    <property name="sun.jnu.encoding" value="UTF-8"/>
    <property name="java.class.path" value="/Users/aparajeetakumari/eclipse-workspace/apiframework/target/test-classes:/Users/aparajeetakumari/eclipse-workspace/apiframework/target/classes:/Users/aparajeetakumari/.m2/repository/io/rest-assured/rest-assured/5.5.6/rest-assured-5.5.6.jar:/Users/aparajeetakumari/.m2/repository/org/apache/groovy/groovy/4.0.22/groovy-4.0.22.jar:/Users/aparajeetakumari/.m2/repository/org/apache/groovy/groovy-xml/4.0.22/groovy-xml-4.0.22.jar:/Users/aparajeetakumari/.m2/repository/org/apache/httpcomponents/httpclient/4.5.13/httpclient-4.5.13.jar:/Users/aparajeetakumari/.m2/repository/org/apache/httpcomponents/httpcore/4.4.13/httpcore-4.4.13.jar:/Users/aparajeetakumari/.m2/repository/commons-logging/commons-logging/1.2/commons-logging-1.2.jar:/Users/aparajeetakumari/.m2/repository/commons-codec/commons-codec/1.11/commons-codec-1.11.jar:/Users/aparajeetakumari/.m2/repository/org/apache/httpcomponents/httpmime/4.5.13/httpmime-4.5.13.jar:/Users/aparajeetakumari/.m2/repository/org/hamcrest/hamcrest/2.2/hamcrest-2.2.jar:/Users/aparajeetakumari/.m2/repository/org/ccil/cowan/tagsoup/tagsoup/1.2.1/tagsoup-1.2.1.jar:/Users/aparajeetakumari/.m2/repository/io/rest-assured/json-path/5.5.6/json-path-5.5.6.jar:/Users/aparajeetakumari/.m2/repository/org/apache/groovy/groovy-json/4.0.22/groovy-json-4.0.22.jar:/Users/aparajeetakumari/.m2/repository/io/rest-assured/rest-assured-common/5.5.6/rest-assured-common-5.5.6.jar:/Users/aparajeetakumari/.m2/repository/io/rest-assured/xml-path/5.5.6/xml-path-5.5.6.jar:/Users/aparajeetakumari/.m2/repository/org/apache/commons/commons-lang3/3.18.0/commons-lang3-3.18.0.jar:/Users/aparajeetakumari/.m2/repository/org/testng/testng/7.11.0/testng-7.11.0.jar:/Users/aparajeetakumari/.m2/repository/org/slf4j/slf4j-api/2.0.16/slf4j-api-2.0.16.jar:/Users/aparajeetakumari/.m2/repository/org/jcommander/jcommander/1.83/jcommander-1.83.jar:/Users/aparajeetakumari/.m2/repository/org/webjars/jquery/3.7.1/jquery-3.7.1.jar:/Users/aparajeetakumari/.m2/repository/org/projectlombok/lombok/1.18.42/lombok-1.18.42.jar:/Users/aparajeetakumari/.m2/repository/com/fasterxml/jackson/core/jackson-databind/2.20.0/jackson-databind-2.20.0.jar:/Users/aparajeetakumari/.m2/repository/com/fasterxml/jackson/core/jackson-annotations/2.20/jackson-annotations-2.20.jar:/Users/aparajeetakumari/.m2/repository/com/fasterxml/jackson/core/jackson-core/2.20.0/jackson-core-2.20.0.jar:/Users/aparajeetakumari/.m2/repository/com/aventstack/chaintest-testng/1.0.12/chaintest-testng-1.0.12.jar:/Users/aparajeetakumari/.m2/repository/com/aventstack/chaintest-core/1.0.12/chaintest-core-1.0.12.jar:/Users/aparajeetakumari/.m2/repository/org/yaml/snakeyaml/2.3/snakeyaml-2.3.jar:/Users/aparajeetakumari/.m2/repository/org/freemarker/freemarker/2.3.33/freemarker-2.3.33.jar:/Users/aparajeetakumari/.m2/repository/com/azure/azure-storage-blob/12.28.0/azure-storage-blob-12.28.0.jar:/Users/aparajeetakumari/.m2/repository/com/azure/azure-core/1.52.0/azure-core-1.52.0.jar:/Users/aparajeetakumari/.m2/repository/com/fasterxml/jackson/datatype/jackson-datatype-jsr310/2.17.2/jackson-datatype-jsr310-2.17.2.jar:/Users/aparajeetakumari/.m2/repository/io/projectreactor/reactor-core/3.4.38/reactor-core-3.4.38.jar:/Users/aparajeetakumari/.m2/repository/com/azure/azure-core-http-netty/1.15.4/azure-core-http-netty-1.15.4.jar:/Users/aparajeetakumari/.m2/repository/io/netty/netty-handler/4.1.110.Final/netty-handler-4.1.110.Final.jar:/Users/aparajeetakumari/.m2/repository/io/netty/netty-handler-proxy/4.1.110.Final/netty-handler-proxy-4.1.110.Final.jar:/Users/aparajeetakumari/.m2/repository/io/netty/netty-codec-socks/4.1.110.Final/netty-codec-socks-4.1.110.Final.jar:/Users/aparajeetakumari/.m2/repository/io/netty/netty-buffer/4.1.110.Final/netty-buffer-4.1.110.Final.jar:/Users/aparajeetakumari/.m2/repository/io/netty/netty-codec/4.1.110.Final/netty-codec-4.1.110.Final.jar:/Users/aparajeetakumari/.m2/repository/io/netty/netty-codec-http/4.1.110.Final/netty-codec-http-4.1.110.Final.jar:/Users/aparajeetakumari/.m2/repository/io/netty/netty-codec-http2/4.1.110.Final/netty-codec-http2-4.1.110.Final.jar:/Users/aparajeetakumari/.m2/repository/io/netty/netty-transport-native-unix-common/4.1.110.Final/netty-transport-native-unix-common-4.1.110.Final.jar:/Users/aparajeetakumari/.m2/repository/io/netty/netty-transport-native-epoll/4.1.110.Final/netty-transport-native-epoll-4.1.110.Final-linux-x86_64.jar:/Users/aparajeetakumari/.m2/repository/io/netty/netty-transport-native-kqueue/4.1.110.Final/netty-transport-native-kqueue-4.1.110.Final-osx-x86_64.jar:/Users/aparajeetakumari/.m2/repository/io/netty/netty-transport-classes-kqueue/4.1.110.Final/netty-transport-classes-kqueue-4.1.110.Final.jar:/Users/aparajeetakumari/.m2/repository/io/netty/netty-tcnative-boringssl-static/2.0.65.Final/netty-tcnative-boringssl-static-2.0.65.Final.jar:/Users/aparajeetakumari/.m2/repository/io/netty/netty-tcnative-classes/2.0.65.Final/netty-tcnative-classes-2.0.65.Final.jar:/Users/aparajeetakumari/.m2/repository/io/netty/netty-tcnative-boringssl-static/2.0.65.Final/netty-tcnative-boringssl-static-2.0.65.Final-linux-x86_64.jar:/Users/aparajeetakumari/.m2/repository/io/netty/netty-tcnative-boringssl-static/2.0.65.Final/netty-tcnative-boringssl-static-2.0.65.Final-linux-aarch_64.jar:/Users/aparajeetakumari/.m2/repository/io/netty/netty-tcnative-boringssl-static/2.0.65.Final/netty-tcnative-boringssl-static-2.0.65.Final-osx-x86_64.jar:/Users/aparajeetakumari/.m2/repository/io/netty/netty-tcnative-boringssl-static/2.0.65.Final/netty-tcnative-boringssl-static-2.0.65.Final-osx-aarch_64.jar:/Users/aparajeetakumari/.m2/repository/io/netty/netty-tcnative-boringssl-static/2.0.65.Final/netty-tcnative-boringssl-static-2.0.65.Final-windows-x86_64.jar:/Users/aparajeetakumari/.m2/repository/io/projectreactor/netty/reactor-netty-http/1.0.45/reactor-netty-http-1.0.45.jar:/Users/aparajeetakumari/.m2/repository/io/netty/netty-resolver-dns/4.1.109.Final/netty-resolver-dns-4.1.109.Final.jar:/Users/aparajeetakumari/.m2/repository/io/netty/netty-codec-dns/4.1.109.Final/netty-codec-dns-4.1.109.Final.jar:/Users/aparajeetakumari/.m2/repository/io/netty/netty-resolver-dns-native-macos/4.1.109.Final/netty-resolver-dns-native-macos-4.1.109.Final-osx-x86_64.jar:/Users/aparajeetakumari/.m2/repository/io/netty/netty-resolver-dns-classes-macos/4.1.109.Final/netty-resolver-dns-classes-macos-4.1.109.Final.jar:/Users/aparajeetakumari/.m2/repository/io/projectreactor/netty/reactor-netty-core/1.0.45/reactor-netty-core-1.0.45.jar:/Users/aparajeetakumari/.m2/repository/io/netty/netty-common/4.1.110.Final/netty-common-4.1.110.Final.jar:/Users/aparajeetakumari/.m2/repository/com/azure/azure-storage-internal-avro/12.13.0/azure-storage-internal-avro-12.13.0.jar:/Users/aparajeetakumari/.m2/repository/com/azure/azure-xml/1.1.0/azure-xml-1.1.0.jar:/Users/aparajeetakumari/.m2/repository/com/azure/azure-storage-common/12.28.0/azure-storage-common-12.28.0.jar:/Users/aparajeetakumari/.m2/repository/com/azure/azure-identity/1.13.3/azure-identity-1.13.3.jar:/Users/aparajeetakumari/.m2/repository/com/azure/azure-json/1.3.0/azure-json-1.3.0.jar:/Users/aparajeetakumari/.m2/repository/com/microsoft/azure/msal4j/1.17.1/msal4j-1.17.1.jar:/Users/aparajeetakumari/.m2/repository/com/nimbusds/oauth2-oidc-sdk/11.18/oauth2-oidc-sdk-11.18.jar:/Users/aparajeetakumari/.m2/repository/com/github/stephenc/jcip/jcip-annotations/1.0-1/jcip-annotations-1.0-1.jar:/Users/aparajeetakumari/.m2/repository/com/nimbusds/content-type/2.3/content-type-2.3.jar:/Users/aparajeetakumari/.m2/repository/com/nimbusds/lang-tag/1.7/lang-tag-1.7.jar:/Users/aparajeetakumari/.m2/repository/com/nimbusds/nimbus-jose-jwt/9.40/nimbus-jose-jwt-9.40.jar:/Users/aparajeetakumari/.m2/repository/net/minidev/json-smart/2.5.0/json-smart-2.5.0.jar:/Users/aparajeetakumari/.m2/repository/net/minidev/accessors-smart/2.5.0/accessors-smart-2.5.0.jar:/Users/aparajeetakumari/.m2/repository/org/ow2/asm/asm/9.3/asm-9.3.jar:/Users/aparajeetakumari/.m2/repository/com/microsoft/azure/msal4j-persistence-extension/1.3.0/msal4j-persistence-extension-1.3.0.jar:/Users/aparajeetakumari/.m2/repository/net/java/dev/jna/jna/5.13.0/jna-5.13.0.jar:/Users/aparajeetakumari/.m2/repository/net/java/dev/jna/jna-platform/5.6.0/jna-platform-5.6.0.jar:/Users/aparajeetakumari/.m2/repository/software/amazon/awssdk/s3/2.29.39/s3-2.29.39.jar:/Users/aparajeetakumari/.m2/repository/software/amazon/awssdk/aws-xml-protocol/2.29.39/aws-xml-protocol-2.29.39.jar:/Users/aparajeetakumari/.m2/repository/software/amazon/awssdk/aws-query-protocol/2.29.39/aws-query-protocol-2.29.39.jar:/Users/aparajeetakumari/.m2/repository/software/amazon/awssdk/protocol-core/2.29.39/protocol-core-2.29.39.jar:/Users/aparajeetakumari/.m2/repository/software/amazon/awssdk/arns/2.29.39/arns-2.29.39.jar:/Users/aparajeetakumari/.m2/repository/software/amazon/awssdk/profiles/2.29.39/profiles-2.29.39.jar:/Users/aparajeetakumari/.m2/repository/software/amazon/awssdk/crt-core/2.29.39/crt-core-2.29.39.jar:/Users/aparajeetakumari/.m2/repository/software/amazon/awssdk/http-auth/2.29.39/http-auth-2.29.39.jar:/Users/aparajeetakumari/.m2/repository/software/amazon/awssdk/identity-spi/2.29.39/identity-spi-2.29.39.jar:/Users/aparajeetakumari/.m2/repository/software/amazon/awssdk/http-auth-spi/2.29.39/http-auth-spi-2.29.39.jar:/Users/aparajeetakumari/.m2/repository/org/reactivestreams/reactive-streams/1.0.4/reactive-streams-1.0.4.jar:/Users/aparajeetakumari/.m2/repository/software/amazon/awssdk/http-auth-aws/2.29.39/http-auth-aws-2.29.39.jar:/Users/aparajeetakumari/.m2/repository/software/amazon/awssdk/checksums/2.29.39/checksums-2.29.39.jar:/Users/aparajeetakumari/.m2/repository/software/amazon/awssdk/checksums-spi/2.29.39/checksums-spi-2.29.39.jar:/Users/aparajeetakumari/.m2/repository/software/amazon/awssdk/retries-spi/2.29.39/retries-spi-2.29.39.jar:/Users/aparajeetakumari/.m2/repository/software/amazon/awssdk/sdk-core/2.29.39/sdk-core-2.29.39.jar:/Users/aparajeetakumari/.m2/repository/software/amazon/awssdk/retries/2.29.39/retries-2.29.39.jar:/Users/aparajeetakumari/.m2/repository/software/amazon/awssdk/auth/2.29.39/auth-2.29.39.jar:/Users/aparajeetakumari/.m2/repository/software/amazon/awssdk/http-auth-aws-eventstream/2.29.39/http-auth-aws-eventstream-2.29.39.jar:/Users/aparajeetakumari/.m2/repository/software/amazon/eventstream/eventstream/1.0.1/eventstream-1.0.1.jar:/Users/aparajeetakumari/.m2/repository/software/amazon/awssdk/http-client-spi/2.29.39/http-client-spi-2.29.39.jar:/Users/aparajeetakumari/.m2/repository/software/amazon/awssdk/regions/2.29.39/regions-2.29.39.jar:/Users/aparajeetakumari/.m2/repository/software/amazon/awssdk/annotations/2.29.39/annotations-2.29.39.jar:/Users/aparajeetakumari/.m2/repository/software/amazon/awssdk/utils/2.29.39/utils-2.29.39.jar:/Users/aparajeetakumari/.m2/repository/software/amazon/awssdk/aws-core/2.29.39/aws-core-2.29.39.jar:/Users/aparajeetakumari/.m2/repository/software/amazon/awssdk/metrics-spi/2.29.39/metrics-spi-2.29.39.jar:/Users/aparajeetakumari/.m2/repository/software/amazon/awssdk/json-utils/2.29.39/json-utils-2.29.39.jar:/Users/aparajeetakumari/.m2/repository/software/amazon/awssdk/third-party-jackson-core/2.29.39/third-party-jackson-core-2.29.39.jar:/Users/aparajeetakumari/.m2/repository/software/amazon/awssdk/endpoints-spi/2.29.39/endpoints-spi-2.29.39.jar:/Users/aparajeetakumari/.m2/repository/software/amazon/awssdk/netty-nio-client/2.29.39/netty-nio-client-2.29.39.jar:/Users/aparajeetakumari/.m2/repository/io/netty/netty-transport/4.1.115.Final/netty-transport-4.1.115.Final.jar:/Users/aparajeetakumari/.m2/repository/io/netty/netty-transport-classes-epoll/4.1.115.Final/netty-transport-classes-epoll-4.1.115.Final.jar:/Users/aparajeetakumari/.m2/repository/io/netty/netty-resolver/4.1.115.Final/netty-resolver-4.1.115.Final.jar:/Users/aparajeetakumari/.m2/repository/software/amazon/awssdk/apache-client/2.29.39/apache-client-2.29.39.jar:/Users/aparajeetakumari/.m2/repository/io/rest-assured/json-schema-validator/5.5.6/json-schema-validator-5.5.6.jar:/Users/aparajeetakumari/.m2/repository/com/github/java-json-tools/json-schema-validator/2.2.14/json-schema-validator-2.2.14.jar:/Users/aparajeetakumari/.m2/repository/com/github/java-json-tools/jackson-coreutils-equivalence/1.0/jackson-coreutils-equivalence-1.0.jar:/Users/aparajeetakumari/.m2/repository/com/github/java-json-tools/jackson-coreutils/2.0/jackson-coreutils-2.0.jar:/Users/aparajeetakumari/.m2/repository/com/github/java-json-tools/msg-simple/1.2/msg-simple-1.2.jar:/Users/aparajeetakumari/.m2/repository/com/github/java-json-tools/btf/1.3/btf-1.3.jar:/Users/aparajeetakumari/.m2/repository/com/github/java-json-tools/json-schema-core/1.2.14/json-schema-core-1.2.14.jar:/Users/aparajeetakumari/.m2/repository/com/github/java-json-tools/uri-template/0.10/uri-template-0.10.jar:/Users/aparajeetakumari/.m2/repository/org/mozilla/rhino/1.7.7.2/rhino-1.7.7.2.jar:/Users/aparajeetakumari/.m2/repository/com/sun/mail/mailapi/1.6.2/mailapi-1.6.2.jar:/Users/aparajeetakumari/.m2/repository/joda-time/joda-time/2.10.5/joda-time-2.10.5.jar:/Users/aparajeetakumari/.m2/repository/com/googlecode/libphonenumber/libphonenumber/8.11.1/libphonenumber-8.11.1.jar:/Users/aparajeetakumari/.m2/repository/com/google/code/findbugs/jsr305/3.0.2/jsr305-3.0.2.jar:/Users/aparajeetakumari/.m2/repository/net/sf/jopt-simple/jopt-simple/5.0.4/jopt-simple-5.0.4.jar:/Users/aparajeetakumari/.m2/repository/com/google/guava/guava/33.2.1-jre/guava-33.2.1-jre.jar:/Users/aparajeetakumari/.m2/repository/com/google/guava/failureaccess/1.0.2/failureaccess-1.0.2.jar:/Users/aparajeetakumari/.m2/repository/com/google/guava/listenablefuture/9999.0-empty-to-avoid-conflict-with-guava/listenablefuture-9999.0-empty-to-avoid-conflict-with-guava.jar:/Users/aparajeetakumari/.m2/repository/org/checkerframework/checker-qual/3.42.0/checker-qual-3.42.0.jar:/Users/aparajeetakumari/.m2/repository/com/google/errorprone/error_prone_annotations/2.26.1/error_prone_annotations-2.26.1.jar:/Users/aparajeetakumari/.m2/repository/com/google/j2objc/j2objc-annotations/3.0.0/j2objc-annotations-3.0.0.jar:"/>
    <property name="java.vm.vendor" value="Azul Systems, Inc."/>
    <property name="sun.arch.data.model" value="64"/>
    <property name="java.vendor.url" value="http://www.azul.com/"/>
    <property name="user.timezone" value="Europe/Dublin"/>
    <property name="os.name" value="Mac OS X"/>
    <property name="java.vm.specification.version" value="22"/>
    <property name="sun.java.launcher" value="SUN_STANDARD"/>
    <property name="user.country" value="IN"/>
    <property name="sun.boot.library.path" value="/Users/aparajeetakumari/Library/Java/JavaVirtualMachines/azul-22.0.2/Contents/Home/lib"/>
    <property name="sun.java.command" value="/Users/aparajeetakumari/eclipse-workspace/apiframework/target/surefire/surefirebooter-20251005015656527_3.jar /Users/aparajeetakumari/eclipse-workspace/apiframework/target/surefire 2025-10-05T01-56-56_497-jvmRun1 surefire-20251005015656527_1tmp surefire_0-20251005015656527_2tmp"/>
    <property name="http.nonProxyHosts" value="local|*.local|169.254/16|*.169.254/16"/>
    <property name="jdk.debug" value="release"/>
    <property name="surefire.test.class.path" value="/Users/aparajeetakumari/eclipse-workspace/apiframework/target/test-classes:/Users/aparajeetakumari/eclipse-workspace/apiframework/target/classes:/Users/aparajeetakumari/.m2/repository/io/rest-assured/rest-assured/5.5.6/rest-assured-5.5.6.jar:/Users/aparajeetakumari/.m2/repository/org/apache/groovy/groovy/4.0.22/groovy-4.0.22.jar:/Users/aparajeetakumari/.m2/repository/org/apache/groovy/groovy-xml/4.0.22/groovy-xml-4.0.22.jar:/Users/aparajeetakumari/.m2/repository/org/apache/httpcomponents/httpclient/4.5.13/httpclient-4.5.13.jar:/Users/aparajeetakumari/.m2/repository/org/apache/httpcomponents/httpcore/4.4.13/httpcore-4.4.13.jar:/Users/aparajeetakumari/.m2/repository/commons-logging/commons-logging/1.2/commons-logging-1.2.jar:/Users/aparajeetakumari/.m2/repository/commons-codec/commons-codec/1.11/commons-codec-1.11.jar:/Users/aparajeetakumari/.m2/repository/org/apache/httpcomponents/httpmime/4.5.13/httpmime-4.5.13.jar:/Users/aparajeetakumari/.m2/repository/org/hamcrest/hamcrest/2.2/hamcrest-2.2.jar:/Users/aparajeetakumari/.m2/repository/org/ccil/cowan/tagsoup/tagsoup/1.2.1/tagsoup-1.2.1.jar:/Users/aparajeetakumari/.m2/repository/io/rest-assured/json-path/5.5.6/json-path-5.5.6.jar:/Users/aparajeetakumari/.m2/repository/org/apache/groovy/groovy-json/4.0.22/groovy-json-4.0.22.jar:/Users/aparajeetakumari/.m2/repository/io/rest-assured/rest-assured-common/5.5.6/rest-assured-common-5.5.6.jar:/Users/aparajeetakumari/.m2/repository/io/rest-assured/xml-path/5.5.6/xml-path-5.5.6.jar:/Users/aparajeetakumari/.m2/repository/org/apache/commons/commons-lang3/3.18.0/commons-lang3-3.18.0.jar:/Users/aparajeetakumari/.m2/repository/org/testng/testng/7.11.0/testng-7.11.0.jar:/Users/aparajeetakumari/.m2/repository/org/slf4j/slf4j-api/2.0.16/slf4j-api-2.0.16.jar:/Users/aparajeetakumari/.m2/repository/org/jcommander/jcommander/1.83/jcommander-1.83.jar:/Users/aparajeetakumari/.m2/repository/org/webjars/jquery/3.7.1/jquery-3.7.1.jar:/Users/aparajeetakumari/.m2/repository/org/projectlombok/lombok/1.18.42/lombok-1.18.42.jar:/Users/aparajeetakumari/.m2/repository/com/fasterxml/jackson/core/jackson-databind/2.20.0/jackson-databind-2.20.0.jar:/Users/aparajeetakumari/.m2/repository/com/fasterxml/jackson/core/jackson-annotations/2.20/jackson-annotations-2.20.jar:/Users/aparajeetakumari/.m2/repository/com/fasterxml/jackson/core/jackson-core/2.20.0/jackson-core-2.20.0.jar:/Users/aparajeetakumari/.m2/repository/com/aventstack/chaintest-testng/1.0.12/chaintest-testng-1.0.12.jar:/Users/aparajeetakumari/.m2/repository/com/aventstack/chaintest-core/1.0.12/chaintest-core-1.0.12.jar:/Users/aparajeetakumari/.m2/repository/org/yaml/snakeyaml/2.3/snakeyaml-2.3.jar:/Users/aparajeetakumari/.m2/repository/org/freemarker/freemarker/2.3.33/freemarker-2.3.33.jar:/Users/aparajeetakumari/.m2/repository/com/azure/azure-storage-blob/12.28.0/azure-storage-blob-12.28.0.jar:/Users/aparajeetakumari/.m2/repository/com/azure/azure-core/1.52.0/azure-core-1.52.0.jar:/Users/aparajeetakumari/.m2/repository/com/fasterxml/jackson/datatype/jackson-datatype-jsr310/2.17.2/jackson-datatype-jsr310-2.17.2.jar:/Users/aparajeetakumari/.m2/repository/io/projectreactor/reactor-core/3.4.38/reactor-core-3.4.38.jar:/Users/aparajeetakumari/.m2/repository/com/azure/azure-core-http-netty/1.15.4/azure-core-http-netty-1.15.4.jar:/Users/aparajeetakumari/.m2/repository/io/netty/netty-handler/4.1.110.Final/netty-handler-4.1.110.Final.jar:/Users/aparajeetakumari/.m2/repository/io/netty/netty-handler-proxy/4.1.110.Final/netty-handler-proxy-4.1.110.Final.jar:/Users/aparajeetakumari/.m2/repository/io/netty/netty-codec-socks/4.1.110.Final/netty-codec-socks-4.1.110.Final.jar:/Users/aparajeetakumari/.m2/repository/io/netty/netty-buffer/4.1.110.Final/netty-buffer-4.1.110.Final.jar:/Users/aparajeetakumari/.m2/repository/io/netty/netty-codec/4.1.110.Final/netty-codec-4.1.110.Final.jar:/Users/aparajeetakumari/.m2/repository/io/netty/netty-codec-http/4.1.110.Final/netty-codec-http-4.1.110.Final.jar:/Users/aparajeetakumari/.m2/repository/io/netty/netty-codec-http2/4.1.110.Final/netty-codec-http2-4.1.110.Final.jar:/Users/aparajeetakumari/.m2/repository/io/netty/netty-transport-native-unix-common/4.1.110.Final/netty-transport-native-unix-common-4.1.110.Final.jar:/Users/aparajeetakumari/.m2/repository/io/netty/netty-transport-native-epoll/4.1.110.Final/netty-transport-native-epoll-4.1.110.Final-linux-x86_64.jar:/Users/aparajeetakumari/.m2/repository/io/netty/netty-transport-native-kqueue/4.1.110.Final/netty-transport-native-kqueue-4.1.110.Final-osx-x86_64.jar:/Users/aparajeetakumari/.m2/repository/io/netty/netty-transport-classes-kqueue/4.1.110.Final/netty-transport-classes-kqueue-4.1.110.Final.jar:/Users/aparajeetakumari/.m2/repository/io/netty/netty-tcnative-boringssl-static/2.0.65.Final/netty-tcnative-boringssl-static-2.0.65.Final.jar:/Users/aparajeetakumari/.m2/repository/io/netty/netty-tcnative-classes/2.0.65.Final/netty-tcnative-classes-2.0.65.Final.jar:/Users/aparajeetakumari/.m2/repository/io/netty/netty-tcnative-boringssl-static/2.0.65.Final/netty-tcnative-boringssl-static-2.0.65.Final-linux-x86_64.jar:/Users/aparajeetakumari/.m2/repository/io/netty/netty-tcnative-boringssl-static/2.0.65.Final/netty-tcnative-boringssl-static-2.0.65.Final-linux-aarch_64.jar:/Users/aparajeetakumari/.m2/repository/io/netty/netty-tcnative-boringssl-static/2.0.65.Final/netty-tcnative-boringssl-static-2.0.65.Final-osx-x86_64.jar:/Users/aparajeetakumari/.m2/repository/io/netty/netty-tcnative-boringssl-static/2.0.65.Final/netty-tcnative-boringssl-static-2.0.65.Final-osx-aarch_64.jar:/Users/aparajeetakumari/.m2/repository/io/netty/netty-tcnative-boringssl-static/2.0.65.Final/netty-tcnative-boringssl-static-2.0.65.Final-windows-x86_64.jar:/Users/aparajeetakumari/.m2/repository/io/projectreactor/netty/reactor-netty-http/1.0.45/reactor-netty-http-1.0.45.jar:/Users/aparajeetakumari/.m2/repository/io/netty/netty-resolver-dns/4.1.109.Final/netty-resolver-dns-4.1.109.Final.jar:/Users/aparajeetakumari/.m2/repository/io/netty/netty-codec-dns/4.1.109.Final/netty-codec-dns-4.1.109.Final.jar:/Users/aparajeetakumari/.m2/repository/io/netty/netty-resolver-dns-native-macos/4.1.109.Final/netty-resolver-dns-native-macos-4.1.109.Final-osx-x86_64.jar:/Users/aparajeetakumari/.m2/repository/io/netty/netty-resolver-dns-classes-macos/4.1.109.Final/netty-resolver-dns-classes-macos-4.1.109.Final.jar:/Users/aparajeetakumari/.m2/repository/io/projectreactor/netty/reactor-netty-core/1.0.45/reactor-netty-core-1.0.45.jar:/Users/aparajeetakumari/.m2/repository/io/netty/netty-common/4.1.110.Final/netty-common-4.1.110.Final.jar:/Users/aparajeetakumari/.m2/repository/com/azure/azure-storage-internal-avro/12.13.0/azure-storage-internal-avro-12.13.0.jar:/Users/aparajeetakumari/.m2/repository/com/azure/azure-xml/1.1.0/azure-xml-1.1.0.jar:/Users/aparajeetakumari/.m2/repository/com/azure/azure-storage-common/12.28.0/azure-storage-common-12.28.0.jar:/Users/aparajeetakumari/.m2/repository/com/azure/azure-identity/1.13.3/azure-identity-1.13.3.jar:/Users/aparajeetakumari/.m2/repository/com/azure/azure-json/1.3.0/azure-json-1.3.0.jar:/Users/aparajeetakumari/.m2/repository/com/microsoft/azure/msal4j/1.17.1/msal4j-1.17.1.jar:/Users/aparajeetakumari/.m2/repository/com/nimbusds/oauth2-oidc-sdk/11.18/oauth2-oidc-sdk-11.18.jar:/Users/aparajeetakumari/.m2/repository/com/github/stephenc/jcip/jcip-annotations/1.0-1/jcip-annotations-1.0-1.jar:/Users/aparajeetakumari/.m2/repository/com/nimbusds/content-type/2.3/content-type-2.3.jar:/Users/aparajeetakumari/.m2/repository/com/nimbusds/lang-tag/1.7/lang-tag-1.7.jar:/Users/aparajeetakumari/.m2/repository/com/nimbusds/nimbus-jose-jwt/9.40/nimbus-jose-jwt-9.40.jar:/Users/aparajeetakumari/.m2/repository/net/minidev/json-smart/2.5.0/json-smart-2.5.0.jar:/Users/aparajeetakumari/.m2/repository/net/minidev/accessors-smart/2.5.0/accessors-smart-2.5.0.jar:/Users/aparajeetakumari/.m2/repository/org/ow2/asm/asm/9.3/asm-9.3.jar:/Users/aparajeetakumari/.m2/repository/com/microsoft/azure/msal4j-persistence-extension/1.3.0/msal4j-persistence-extension-1.3.0.jar:/Users/aparajeetakumari/.m2/repository/net/java/dev/jna/jna/5.13.0/jna-5.13.0.jar:/Users/aparajeetakumari/.m2/repository/net/java/dev/jna/jna-platform/5.6.0/jna-platform-5.6.0.jar:/Users/aparajeetakumari/.m2/repository/software/amazon/awssdk/s3/2.29.39/s3-2.29.39.jar:/Users/aparajeetakumari/.m2/repository/software/amazon/awssdk/aws-xml-protocol/2.29.39/aws-xml-protocol-2.29.39.jar:/Users/aparajeetakumari/.m2/repository/software/amazon/awssdk/aws-query-protocol/2.29.39/aws-query-protocol-2.29.39.jar:/Users/aparajeetakumari/.m2/repository/software/amazon/awssdk/protocol-core/2.29.39/protocol-core-2.29.39.jar:/Users/aparajeetakumari/.m2/repository/software/amazon/awssdk/arns/2.29.39/arns-2.29.39.jar:/Users/aparajeetakumari/.m2/repository/software/amazon/awssdk/profiles/2.29.39/profiles-2.29.39.jar:/Users/aparajeetakumari/.m2/repository/software/amazon/awssdk/crt-core/2.29.39/crt-core-2.29.39.jar:/Users/aparajeetakumari/.m2/repository/software/amazon/awssdk/http-auth/2.29.39/http-auth-2.29.39.jar:/Users/aparajeetakumari/.m2/repository/software/amazon/awssdk/identity-spi/2.29.39/identity-spi-2.29.39.jar:/Users/aparajeetakumari/.m2/repository/software/amazon/awssdk/http-auth-spi/2.29.39/http-auth-spi-2.29.39.jar:/Users/aparajeetakumari/.m2/repository/org/reactivestreams/reactive-streams/1.0.4/reactive-streams-1.0.4.jar:/Users/aparajeetakumari/.m2/repository/software/amazon/awssdk/http-auth-aws/2.29.39/http-auth-aws-2.29.39.jar:/Users/aparajeetakumari/.m2/repository/software/amazon/awssdk/checksums/2.29.39/checksums-2.29.39.jar:/Users/aparajeetakumari/.m2/repository/software/amazon/awssdk/checksums-spi/2.29.39/checksums-spi-2.29.39.jar:/Users/aparajeetakumari/.m2/repository/software/amazon/awssdk/retries-spi/2.29.39/retries-spi-2.29.39.jar:/Users/aparajeetakumari/.m2/repository/software/amazon/awssdk/sdk-core/2.29.39/sdk-core-2.29.39.jar:/Users/aparajeetakumari/.m2/repository/software/amazon/awssdk/retries/2.29.39/retries-2.29.39.jar:/Users/aparajeetakumari/.m2/repository/software/amazon/awssdk/auth/2.29.39/auth-2.29.39.jar:/Users/aparajeetakumari/.m2/repository/software/amazon/awssdk/http-auth-aws-eventstream/2.29.39/http-auth-aws-eventstream-2.29.39.jar:/Users/aparajeetakumari/.m2/repository/software/amazon/eventstream/eventstream/1.0.1/eventstream-1.0.1.jar:/Users/aparajeetakumari/.m2/repository/software/amazon/awssdk/http-client-spi/2.29.39/http-client-spi-2.29.39.jar:/Users/aparajeetakumari/.m2/repository/software/amazon/awssdk/regions/2.29.39/regions-2.29.39.jar:/Users/aparajeetakumari/.m2/repository/software/amazon/awssdk/annotations/2.29.39/annotations-2.29.39.jar:/Users/aparajeetakumari/.m2/repository/software/amazon/awssdk/utils/2.29.39/utils-2.29.39.jar:/Users/aparajeetakumari/.m2/repository/software/amazon/awssdk/aws-core/2.29.39/aws-core-2.29.39.jar:/Users/aparajeetakumari/.m2/repository/software/amazon/awssdk/metrics-spi/2.29.39/metrics-spi-2.29.39.jar:/Users/aparajeetakumari/.m2/repository/software/amazon/awssdk/json-utils/2.29.39/json-utils-2.29.39.jar:/Users/aparajeetakumari/.m2/repository/software/amazon/awssdk/third-party-jackson-core/2.29.39/third-party-jackson-core-2.29.39.jar:/Users/aparajeetakumari/.m2/repository/software/amazon/awssdk/endpoints-spi/2.29.39/endpoints-spi-2.29.39.jar:/Users/aparajeetakumari/.m2/repository/software/amazon/awssdk/netty-nio-client/2.29.39/netty-nio-client-2.29.39.jar:/Users/aparajeetakumari/.m2/repository/io/netty/netty-transport/4.1.115.Final/netty-transport-4.1.115.Final.jar:/Users/aparajeetakumari/.m2/repository/io/netty/netty-transport-classes-epoll/4.1.115.Final/netty-transport-classes-epoll-4.1.115.Final.jar:/Users/aparajeetakumari/.m2/repository/io/netty/netty-resolver/4.1.115.Final/netty-resolver-4.1.115.Final.jar:/Users/aparajeetakumari/.m2/repository/software/amazon/awssdk/apache-client/2.29.39/apache-client-2.29.39.jar:/Users/aparajeetakumari/.m2/repository/io/rest-assured/json-schema-validator/5.5.6/json-schema-validator-5.5.6.jar:/Users/aparajeetakumari/.m2/repository/com/github/java-json-tools/json-schema-validator/2.2.14/json-schema-validator-2.2.14.jar:/Users/aparajeetakumari/.m2/repository/com/github/java-json-tools/jackson-coreutils-equivalence/1.0/jackson-coreutils-equivalence-1.0.jar:/Users/aparajeetakumari/.m2/repository/com/github/java-json-tools/jackson-coreutils/2.0/jackson-coreutils-2.0.jar:/Users/aparajeetakumari/.m2/repository/com/github/java-json-tools/msg-simple/1.2/msg-simple-1.2.jar:/Users/aparajeetakumari/.m2/repository/com/github/java-json-tools/btf/1.3/btf-1.3.jar:/Users/aparajeetakumari/.m2/repository/com/github/java-json-tools/json-schema-core/1.2.14/json-schema-core-1.2.14.jar:/Users/aparajeetakumari/.m2/repository/com/github/java-json-tools/uri-template/0.10/uri-template-0.10.jar:/Users/aparajeetakumari/.m2/repository/org/mozilla/rhino/1.7.7.2/rhino-1.7.7.2.jar:/Users/aparajeetakumari/.m2/repository/com/sun/mail/mailapi/1.6.2/mailapi-1.6.2.jar:/Users/aparajeetakumari/.m2/repository/joda-time/joda-time/2.10.5/joda-time-2.10.5.jar:/Users/aparajeetakumari/.m2/repository/com/googlecode/libphonenumber/libphonenumber/8.11.1/libphonenumber-8.11.1.jar:/Users/aparajeetakumari/.m2/repository/com/google/code/findbugs/jsr305/3.0.2/jsr305-3.0.2.jar:/Users/aparajeetakumari/.m2/repository/net/sf/jopt-simple/jopt-simple/5.0.4/jopt-simple-5.0.4.jar:/Users/aparajeetakumari/.m2/repository/com/google/guava/guava/33.2.1-jre/guava-33.2.1-jre.jar:/Users/aparajeetakumari/.m2/repository/com/google/guava/failureaccess/1.0.2/failureaccess-1.0.2.jar:/Users/aparajeetakumari/.m2/repository/com/google/guava/listenablefuture/9999.0-empty-to-avoid-conflict-with-guava/listenablefuture-9999.0-empty-to-avoid-conflict-with-guava.jar:/Users/aparajeetakumari/.m2/repository/org/checkerframework/checker-qual/3.42.0/checker-qual-3.42.0.jar:/Users/aparajeetakumari/.m2/repository/com/google/errorprone/error_prone_annotations/2.26.1/error_prone_annotations-2.26.1.jar:/Users/aparajeetakumari/.m2/repository/com/google/j2objc/j2objc-annotations/3.0.0/j2objc-annotations-3.0.0.jar:"/>
    <property name="sun.cpu.endian" value="little"/>
    <property name="user.home" value="/Users/aparajeetakumari"/>
    <property name="user.language" value="en"/>
    <property name="java.specification.vendor" value="Oracle Corporation"/>
    <property name="java.version.date" value="2024-07-16"/>
    <property name="java.home" value="/Users/aparajeetakumari/Library/Java/JavaVirtualMachines/azul-22.0.2/Contents/Home"/>
    <property name="file.separator" value="/"/>
    <property name="basedir" value="/Users/aparajeetakumari/eclipse-workspace/apiframework"/>
    <property name="java.vm.compressedOopsMode" value="Zero based"/>
    <property name="line.separator" value="&#10;"/>
    <property name="java.vm.specification.vendor" value="Oracle Corporation"/>
    <property name="java.specification.name" value="Java Platform API Specification"/>
    <property name="apple.awt.application.name" value="ForkedBooter"/>
    <property name="surefire.real.class.path" value="/Users/aparajeetakumari/eclipse-workspace/apiframework/target/surefire/surefirebooter-20251005015656527_3.jar"/>
    <property name="sun.management.compiler" value="HotSpot 64-Bit Tiered Compilers"/>
    <property name="ftp.nonProxyHosts" value="local|*.local|169.254/16|*.169.254/16"/>
    <property name="java.runtime.version" value="22.0.2+9"/>
    <property name="user.name" value="aparajeetakumari"/>
    <property name="stdout.encoding" value="UTF-8"/>
    <property name="path.separator" value=":"/>
    <property name="os.version" value="15.6"/>
    <property name="java.runtime.name" value="OpenJDK Runtime Environment"/>
    <property name="file.encoding" value="UTF-8"/>
    <property name="java.vm.name" value="OpenJDK 64-Bit Server VM"/>
    <property name="java.vendor.version" value="Zulu22.32+15-CA"/>
    <property name="localRepository" value="/Users/aparajeetakumari/.m2/repository"/>
    <property name="java.vendor.url.bug" value="http://www.azul.com/support/"/>
    <property name="java.io.tmpdir" value="/var/folders/_2/mjhjtwr52hl9t0k5sq6j_64w0000gn/T/"/>
    <property name="java.version" value="22.0.2"/>
    <property name="testsuite" value="testng.xml"/>
    <property name="user.dir" value="/Users/aparajeetakumari/eclipse-workspace/apiframework"/>
    <property name="os.arch" value="aarch64"/>
    <property name="java.vm.specification.name" value="Java Virtual Machine Specification"/>
    <property name="native.encoding" value="UTF-8"/>
    <property name="java.library.path" value="/Users/aparajeetakumari/Library/Java/Extensions:/Library/Java/Extensions:/Network/Library/Java/Extensions:/System/Library/Java/Extensions:/usr/lib/java:."/>
    <property name="java.vm.info" value="mixed mode, sharing"/>
    <property name="stderr.encoding" value="UTF-8"/>
    <property name="java.vendor" value="Azul Systems, Inc."/>
    <property name="java.vm.version" value="22.0.2+9"/>
    <property name="sun.io.unicode.encoding" value="UnicodeBig"/>
    <property name="socksNonProxyHosts" value="local|*.local|169.254/16|*.169.254/16"/>
    <property name="java.class.version" value="66.0"/>
  </properties>
  <testcase name="createBookingWithJsonTest" classname="com.test.booker.herokuapp.BookingAPITest" time="0.948">
    <system-out><![CDATA[Request method:	POST
Request URI:	https://restful-booker.herokuapp.com/booking
Proxy:			<none>
Request params:	<none>
Query params:	<none>
Form params:	<none>
Path params:	<none>
Headers:		Accept=*/*
				Content-Type=application/json
Cookies:		<none>
Multiparts:		<none>
Body:
./src/test/resources/jsondata/CreateBooking.json
HTTP/1.1 200 OK
Content-Length: 198
Content-Type: application/json; charset=utf-8
Date: Sun, 05 Oct 2025 00:56:57 GMT
Etag: W/"c6-uD/EOrtKsIjAiH+BcqZib6jBi9Q"
Nel: {"report_to":"heroku-nel","response_headers":["Via"],"max_age":3600,"success_fraction":0.01,"failure_fraction":0.1}
Report-To: {"group":"heroku-nel","endpoints":[{"url":"https://nel.heroku.com/reports?s=H%2F503%2FaquLvtUZxaC03MzoUWMXHa02uZ422KuxNy0LE%3D\u0026sid=c46efe9b-d3d2-4a0c-8c76-bfafa16c5add\u0026ts=1759625817"}],"max_age":3600}
Reporting-Endpoints: heroku-nel="https://nel.heroku.com/reports?s=H%2F503%2FaquLvtUZxaC03MzoUWMXHa02uZ422KuxNy0LE%3D&sid=c46efe9b-d3d2-4a0c-8c76-bfafa16c5add&ts=1759625817"
Server: Heroku
Via: 1.1 heroku-router
X-Powered-By: Express

{
    "bookingid": 3106,
    "booking": {
        "firstname": "Aadu",
        "lastname": "Brown",
        "totalprice": 111,
        "depositpaid": true,
        "bookingdates": {
            "checkin": "2018-01-01",
            "checkout": "2019-01-01"
        },
        "additionalneeds": "Breakfast"
    }
}
]]></system-out>
    <system-err><![CDATA[SLF4J(W): No SLF4J providers were found.
SLF4J(W): Defaulting to no-operation (NOP) logger implementation
SLF4J(W): See https://www.slf4j.org/codes.html#noProviders for further details.
]]></system-err>
  </testcase>
  <testcase name="createBookingTest" classname="com.test.booker.herokuapp.BookingAPITest" time="0.838">
    <system-out><![CDATA[Request method:	POST
Request URI:	https://restful-booker.herokuapp.com/booking
Proxy:			<none>
Request params:	<none>
Query params:	<none>
Form params:	<none>
Path params:	<none>
Headers:		Accept=*/*
				Content-Type=application/json
Cookies:		<none>
Multiparts:		<none>
Body:
{
    "firstname": "Aparajeeta",
    "lastname": "anjanj",
    "totalprice": 1000,
    "depositpaid": true,
    "additionalneeds": "Breakfast",
    "bookingdates": {
        "checkin": "2025-11-01",
        "checkout": "2025-12-01"
    }
}
HTTP/1.1 200 OK
Content-Length: 206
Content-Type: application/json; charset=utf-8
Date: Sun, 05 Oct 2025 00:56:58 GMT
Etag: W/"ce-lIhU6bcM/u2LvNNICeBV5tT2nao"
Nel: {"report_to":"heroku-nel","response_headers":["Via"],"max_age":3600,"success_fraction":0.01,"failure_fraction":0.1}
Report-To: {"group":"heroku-nel","endpoints":[{"url":"https://nel.heroku.com/reports?s=amddEyBKQZ28eIV0NdiL48uAZzqGQrIwAIEAEmh4AQ8%3D\u0026sid=c46efe9b-d3d2-4a0c-8c76-bfafa16c5add\u0026ts=1759625818"}],"max_age":3600}
Reporting-Endpoints: heroku-nel="https://nel.heroku.com/reports?s=amddEyBKQZ28eIV0NdiL48uAZzqGQrIwAIEAEmh4AQ8%3D&sid=c46efe9b-d3d2-4a0c-8c76-bfafa16c5add&ts=1759625818"
Server: Heroku
Via: 1.1 heroku-router
X-Powered-By: Express

{
    "bookingid": 3117,
    "booking": {
        "firstname": "Aparajeeta",
        "lastname": "anjanj",
        "totalprice": 1000,
        "depositpaid": true,
        "bookingdates": {
            "checkin": "2025-11-01",
            "checkout": "2025-12-01"
        },
        "additionalneeds": "Breakfast"
    }
}
Booking Is id::3117
]]></system-out>
  </testcase>
  <testcase name="updateBooking" classname="com.test.booker.herokuapp.BookingAPITest" time="1.121">
    <system-out><![CDATA[Request method:	PUT
Request URI:	https://restful-booker.herokuapp.com/booking/3117
Proxy:			<none>
Request params:	<none>
Query params:	<none>
Form params:	<none>
Path params:	id=3117
Headers:		Cookie=token=ac5891510465bee
				Accept=application/json
				Content-Type=application/json
Cookies:		<none>
Multiparts:		<none>
Body:
{
    "firstname": "Aiduu",
    "lastname": "Sweety",
    "totalprice": 1000,
    "depositpaid": true,
    "additionalneeds": "Breakfast",
    "bookingdates": {
        "checkin": "2025-11-01",
        "checkout": "2025-12-01"
    }
}
]]></system-out>
  </testcase>
  <testcase name="deleteBooking" classname="com.test.booker.herokuapp.BookingAPITest" time="0.566">
    <system-out><![CDATA[Request method:	DELETE
Request URI:	https://restful-booker.herokuapp.com/booking/3117
Proxy:			<none>
Request params:	<none>
Query params:	<none>
Form params:	<none>
Path params:	id=3117
Headers:		Cookie=token=ac5891510465bee
				Accept=application/json
				Content-Type=application/json
Cookies:		<none>
Multiparts:		<none>
Body:
{
    "firstname": "Aiduu",
    "lastname": "Sweety",
    "totalprice": 1000,
    "depositpaid": true,
    "additionalneeds": "Breakfast",
    "bookingdates": {
        "checkin": "2025-11-01",
        "checkout": "2025-12-01"
    }
}
]]></system-out>
  </testcase>
</testsuite>