<?xml version="1.0" encoding="UTF-8"?>
<!-- Generated by org.testng.reporters.JUnitReportReporter -->
<testsuite hostname="Mac" failures="0" tests="4" name="com.test.booker.herokuapp.BookingAPITest" time="3.472" errors="0" timestamp="2025-10-05T01:57:05 IST" skipped="0">
  <testcase classname="com.test.booker.herokuapp.BookingAPITest" name="createBookingWithJsonTest" time="0.947"/>
  <testcase classname="com.test.booker.herokuapp.BookingAPITest" name="createBookingTest" time="0.839"/>
  <testcase classname="com.test.booker.herokuapp.BookingAPITest" name="updateBooking" time="1.120"/>
  <testcase classname="com.test.booker.herokuapp.BookingAPITest" name="deleteBooking" time="0.566"/>
</testsuite> <!-- com.test.booker.herokuapp.BookingAPITest -->
